TN:
SF:src/polyfills.ts
FNF:0
FNH:0
LF:0
LH:0
BRF:0
BRH:0
end_of_record
TN:
SF:src/test.ts
FNF:0
FNH:0
DA:18,1
DA:23,1
DA:25,1
LF:3
LH:3
BRF:0
BRH:0
end_of_record
TN:
SF:src/app/app.component.ts
FNF:0
FNH:0
DA:8,1
DA:9,2
LF:2
LH:2
BRF:0
BRH:0
end_of_record
TN:
SF:src/app/landing/landing.component.ts
FN:9,(anonymous_0)
FN:11,(anonymous_1)
FNF:2
FNH:2
FNDA:1,(anonymous_0)
FNDA:1,(anonymous_1)
DA:8,1
LF:1
LH:1
BRF:0
BRH:0
end_of_record
TN:
SF:src/app/login/login.component.ts
FN:19,(anonymous_0)
FN:23,(anonymous_1)
FN:24,(anonymous_2)
FN:27,(anonymous_3)
FNF:4
FNH:4
FNDA:8,(anonymous_0)
FNDA:8,(anonymous_1)
FNDA:8,(anonymous_2)
FNDA:1,(anonymous_3)
DA:14,1
DA:15,8
DA:19,8
DA:20,8
DA:24,8
DA:28,1
DA:32,1
LF:7
LH:7
BRF:0
BRH:0
end_of_record
TN:
SF:src/app/models/user.ts
FNF:0
FNH:0
LF:0
LH:0
BRF:0
BRH:0
end_of_record
TN:
SF:src/app/services/login.service.ts
FN:10,(anonymous_0)
FN:12,(anonymous_1)
FNF:2
FNH:1
FNDA:6,(anonymous_0)
FNDA:0,(anonymous_1)
DA:9,1
DA:10,6
DA:13,0
DA:17,0
LF:4
LH:2
BRF:0
BRH:0
end_of_record
TN:
SF:src/app/store/app.states.ts
FNF:0
FNH:0
DA:9,1
DA:13,1
LF:2
LH:2
BRF:0
BRH:0
end_of_record
TN:
SF:src/app/store/actions/login.actions.ts
FN:10,(anonymous_0)
FN:16,(anonymous_1)
FN:21,(anonymous_2)
FN:23,(anonymous_3)
FNF:4
FNH:4
FNDA:6,(anonymous_0)
FNDA:2,(anonymous_1)
FNDA:3,(anonymous_2)
FNDA:3,(anonymous_3)
DA:3,1
DA:4,1
DA:5,1
DA:6,1
DA:9,6
DA:10,6
DA:14,2
DA:16,2
DA:20,3
DA:21,3
DA:24,3
LF:11
LH:11
BRF:0
BRH:0
end_of_record
TN:
SF:src/app/store/effects/login.effects.ts
FN:13,(anonymous_0)
FN:22,(anonymous_1)
FN:23,(anonymous_2)
FN:25,(anonymous_3)
FN:28,(anonymous_4)
FN:39,(anonymous_5)
FN:54,(anonymous_6)
FNF:7
FNH:1
FNDA:3,(anonymous_0)
FNDA:0,(anonymous_1)
FNDA:0,(anonymous_2)
FNDA:0,(anonymous_3)
FNDA:0,(anonymous_4)
FNDA:0,(anonymous_5)
FNDA:0,(anonymous_6)
DA:12,1
DA:14,3
DA:15,3
DA:16,3
DA:20,3
DA:22,0
DA:24,0
DA:26,0
DA:29,0
DA:30,0
DA:37,3
DA:40,0
DA:41,0
DA:42,0
DA:47,3
DA:52,3
DA:55,0
DA:56,0
LF:18
LH:8
BRF:0
BRH:0
end_of_record
TN:
SF:src/app/store/reducers/login.reducers.ts
FN:16,reducer
FNF:1
FNH:1
FNDA:7,reducer
DA:11,1
DA:17,7
DA:19,0
DA:26,1
DA:32,2
DA:35,4
LF:6
LH:5
BRDA:16,0,0,1
BRDA:18,1,0,0
BRDA:18,1,1,1
BRDA:18,1,2,2
BRDA:18,1,3,4
BRF:5
BRH:4
end_of_record
